<?xml version="1.0" encoding="UTF-8"?>
<!-- Generated by org.testng.reporters.JUnitReportReporter -->
<testsuite hostname="LAPTOP-AVBGTA0B" name="co.com.napoleonsystems.ClasePrincipal" tests="6" failures="1" timestamp="15 Jun 2020 23:36:26 GMT" time="326.643" errors="0">
  <testcase name="ingresaralapagina" time="50.710" classname="co.com.napoleonsystems.ClasePrincipal"/>
  <testcase name="pruebacinco" time="199.111" classname="co.com.napoleonsystems.ClasePrincipal"/>
  <testcase name="pruebacuatro" time="14.386" classname="co.com.napoleonsystems.ClasePrincipal">
    <failure type="java.lang.AssertionError" message="expected:&lt;Rs.600&gt; but was:&lt;[[ChromeDriver: chrome on WINDOWS (ea5810aada6eba3cca8d9c6597b89198)] -&gt; xpath: /html[1]/body[1]/center[1]/div[1]/div[1]/table[1]/tbody[1]/tr[2]/td[4]]&gt;">
      <![CDATA[java.lang.AssertionError: expected:<Rs.600> but was:<[[ChromeDriver: chrome on WINDOWS (ea5810aada6eba3cca8d9c6597b89198)] -> xpath: /html[1]/body[1]/center[1]/div[1]/div[1]/table[1]/tbody[1]/tr[2]/td[4]]]]><![CDATA[>
	at org.junit.Assert.fail(Assert.java:88)
	at org.junit.Assert.failNotEquals(Assert.java:834)
	at org.junit.Assert.assertEquals(Assert.java:118)
	at org.junit.Assert.assertEquals(Assert.java:144)
	at co.com.napoleonsystems.ValidacionPuntoCuatro.validacionpuntocuatro(ValidacionPuntoCuatro.java:75)
	at co.com.napoleonsystems.ClasePrincipal.pruebacuatro(ClasePrincipal.java:54)
	at sun.reflect.NativeMethodAccessorImpl.invoke0(Native Method)
	at sun.reflect.NativeMethodAccessorImpl.invoke(Unknown Source)
	at sun.reflect.DelegatingMethodAccessorImpl.invoke(Unknown Source)
	at java.lang.reflect.Method.invoke(Unknown Source)
	at org.testng.internal.MethodInvocationHelper.invokeMethod(MethodInvocationHelper.java:86)
	at org.testng.internal.Invoker.invokeMethod(Invoker.java:645)
	at org.testng.internal.Invoker.invokeTestMethod(Invoker.java:822)
	at org.testng.internal.Invoker.invokeTestMethods(Invoker.java:1130)
	at org.testng.internal.TestMethodWorker.invokeTestMethods(TestMethodWorker.java:129)
	at org.testng.internal.TestMethodWorker.run(TestMethodWorker.java:112)
	at org.testng.TestRunner.privateRun(TestRunner.java:782)
	at org.testng.TestRunner.run(TestRunner.java:632)
	at org.testng.SuiteRunner.runTest(SuiteRunner.java:366)
	at org.testng.SuiteRunner.runSequentially(SuiteRunner.java:361)
	at org.testng.SuiteRunner.privateRun(SuiteRunner.java:319)
	at org.testng.SuiteRunner.run(SuiteRunner.java:268)
	at org.testng.SuiteRunnerWorker.runSuite(SuiteRunnerWorker.java:52)
	at org.testng.SuiteRunnerWorker.run(SuiteRunnerWorker.java:86)
	at org.testng.TestNG.runSuitesSequentially(TestNG.java:1244)
	at org.testng.TestNG.runSuitesLocally(TestNG.java:1169)
	at org.testng.TestNG.run(TestNG.java:1064)
	at org.testng.remote.RemoteTestNG.run(RemoteTestNG.java:113)
	at org.testng.remote.RemoteTestNG.initAndRun(RemoteTestNG.java:206)
	at org.testng.remote.RemoteTestNG.main(RemoteTestNG.java:177)
]]>
    </failure>
  </testcase> <!-- pruebacuatro -->
  <testcase name="pruebados" time="19.757" classname="co.com.napoleonsystems.ClasePrincipal"/>
  <testcase name="pruebatres" time="22.059" classname="co.com.napoleonsystems.ClasePrincipal"/>
  <testcase name="pruebauno" time="20.620" classname="co.com.napoleonsystems.ClasePrincipal"/>
</testsuite> <!-- co.com.napoleonsystems.ClasePrincipal -->
